35
48
54
96
111
112
129
155
157
158
208
209
216
308
386
387
447
497
571
594
665
666
771
812
813
819
820
932
963
965
1011
1067
1094
1130
1131
1154
1155
1234
1235
1261
1262
1279
1280
1403
1507
1508
1509
1542
1590
1591
1624
1625
1679
1680
1841
1842
1890
1891
1892
1893
1894
1901
1902
1903
2087
2089
2090
2096
2097
2098
2099
2206
2208
2209
2356
2362
2381
2409
2412
2413
2441
2493
2494
2495
2496
2630
2631
2633
2653
2670
2671
2679
2680
2710
2711
2727
2768
2773
2783
2784
2785
2889
2890
2891
2892
2925
3044
3045
3080
3081
3082
3083
3115
3208
3211
3212
3308
3309
3352
3353
3364
3365
3366
3367
3368
3377
3378
3388
3389
3408
3437
3556
3610
3743
3744
3767
3768
3782
3783
3815
3816
3900
3901
3929
3967
3968
4065
4066
4133
4134
4162
4249
4250
4327
4328
4398
4399
4453
4454
4466
4467
4469
4490
4491
4535
4536
4537
4538
4539
4564
4565
4571
4572
4691
4692
4693
4741
4742
4744
4779
4813
4863
4864
4890
4891
4933
4974
4975
4976
4977
4988
4989
5110
5139
5140
5150
5151
5159
5160
5316
5317
5318
5326030
6032
6187
6191
6202
6267
6268
6336
6337
6347
6348
6381
6390
6414
6417
6418
6427
6428
6429
6451
6557
6579
6580
6598
6635
6673
6679
6714
6715
6729
6730
6752
6758
6759
6818
6858
